-------------------------------------
Beginning Export of Source Files
cop-3710-youtube-analytics.accdb
VCS Version 4.1.2
Full Path: C:\Users\sutwi\github\cop-3710-youtube-analytics\database\cop-3710-youtube-analytics.accdb
Export Folder: C:\Users\sutwi\github\cop-3710-youtube-analytics\database\cop-3710-youtube-analytics.accdb.src\
Using Fast Save
3/3/2026 8:30:35 PM
-------------------------------------
Scanning for changes...
No modified modules found in this database.
No modified forms found in this database.
No modified reports found in this database.
-------------------------------------
Done. (0.05 seconds)

--------------------------------------------------
                PERFORMANCE REPORTS
--------------------------------------------------
Category                      Count     Seconds
--------------------------------------------------
Modules                       0         0.00
Forms                         0         0.00
Reports                       0         0.00
--------------------------------------------------
TOTALS:                       0         0.00
--------------------------------------------------

--------------------------------------------------
Operations                    Count     Seconds
--------------------------------------------------
Console Updates               2         0.03
Parse JSON ISO Date           19        0.01
Convert to JSON               57        0.00
Parse JSON                    1         0.00
Scan DB Objects               1         0.00
Quick Count Files             1         0.00
Read File                     1         0.00
Close Open Objects            1         0.00
Quick Count Objects           1         0.00
Compute SHA256                1         0.00
--------------------------------------------------
Other Operations                        0.01
--------------------------------------------------


